[0.086s] DEBUG:colcon:Command line arguments: ['/usr/local/bin/colcon', 'build', '--cmake-args', '-DCMAKE_BUILD_TYPE=Debug', '-DCMAKE_EXPORT_COMPILE_COMMANDS=Yes', '--symlink-install']
[0.086s] DEBUG:colcon:Parsed command line arguments: Namespace(log_base=None, log_level=None, verb_name='build', build_base='build', install_base='install', merge_install=False, symlink_install=True, test_result_base=None, continue_on_error=False, executor='parallel', parallel_workers=24, event_handlers=None, ignore_user_meta=False, metas=['./colcon.meta'], base_paths=['.'], packages_ignore=None, packages_ignore_regex=None, paths=None, packages_up_to=None, packages_up_to_regex=None, packages_above=None, packages_above_and_dependencies=None, packages_above_depth=None, packages_select_by_dep=None, packages_skip_by_dep=None, packages_skip_up_to=None, packages_select_build_failed=False, packages_skip_build_finished=False, packages_select_test_failures=False, packages_skip_test_passed=False, packages_select=None, packages_skip=None, packages_select_regex=None, packages_skip_regex=None, packages_start=None, packages_end=None, cmake_args=['-DCMAKE_BUILD_TYPE=Debug', '-DCMAKE_EXPORT_COMPILE_COMMANDS=Yes'], cmake_target=None, cmake_target_skip_unavailable=False, cmake_clean_cache=False, cmake_clean_first=False, cmake_force_configure=False, ament_cmake_args=None, catkin_cmake_args=None, catkin_skip_building_tests=False, mixin_files=None, mixin=None, verb_parser=<colcon_mixin.mixin.mixin_argument.MixinArgumentDecorator object at 0x7ddfd057a660>, verb_extension=<colcon_core.verb.build.BuildVerb object at 0x7ddfd0718770>, main=<bound method BuildVerb.main of <colcon_core.verb.build.BuildVerb object at 0x7ddfd0718770>>, mixin_verb=('build',))
[0.106s] Level 1:colcon.colcon_core.package_discovery:discover_packages(colcon_meta) check parameters
[0.106s] Level 1:colcon.colcon_core.package_discovery:discover_packages(recursive) check parameters
[0.106s] Level 1:colcon.colcon_core.package_discovery:discover_packages(ignore) check parameters
[0.106s] Level 1:colcon.colcon_core.package_discovery:discover_packages(path) check parameters
[0.106s] Level 1:colcon.colcon_core.package_discovery:discover_packages(colcon_meta) discover
[0.106s] Level 1:colcon.colcon_core.package_discovery:discover_packages(recursive) discover
[0.106s] INFO:colcon.colcon_core.package_discovery:Crawling recursively for packages in '/home/ubt/workspace/jazzy_ws/apriltag_ros'
[0.106s] Level 1:colcon.colcon_core.package_identification:_identify(.) by extensions ['ignore', 'ignore_ament_install']
[0.106s] Level 1:colcon.colcon_core.package_identification:_identify(.) by extension 'ignore'
[0.106s] Level 1:colcon.colcon_core.package_identification:_identify(.) by extension 'ignore_ament_install'
[0.106s] Level 1:colcon.colcon_core.package_identification:_identify(.) by extensions ['colcon_pkg']
[0.106s] Level 1:colcon.colcon_core.package_identification:_identify(.) by extension 'colcon_pkg'
[0.106s] Level 1:colcon.colcon_core.package_identification:_identify(.) by extensions ['colcon_meta']
[0.106s] Level 1:colcon.colcon_core.package_identification:_identify(.) by extension 'colcon_meta'
[0.106s] Level 1:colcon.colcon_core.package_identification:_identify(.) by extensions ['ros']
[0.106s] Level 1:colcon.colcon_core.package_identification:_identify(.) by extension 'ros'
[0.121s] Level 1:colcon.colcon_core.package_identification:_identify(.) by extensions ['cmake', 'python']
[0.121s] Level 1:colcon.colcon_core.package_identification:_identify(.) by extension 'cmake'
[0.121s] Level 1:colcon.colcon_core.package_identification:_identify(.) by extension 'python'
[0.121s] Level 1:colcon.colcon_core.package_identification:_identify(.) by extensions ['python_setup_py']
[0.121s] Level 1:colcon.colcon_core.package_identification:_identify(.) by extension 'python_setup_py'
[0.121s] Level 1:colcon.colcon_core.package_identification:_identify(apriltag_msgs) by extensions ['ignore', 'ignore_ament_install']
[0.121s] Level 1:colcon.colcon_core.package_identification:_identify(apriltag_msgs) by extension 'ignore'
[0.121s] Level 1:colcon.colcon_core.package_identification:_identify(apriltag_msgs) by extension 'ignore_ament_install'
[0.121s] Level 1:colcon.colcon_core.package_identification:_identify(apriltag_msgs) by extensions ['colcon_pkg']
[0.121s] Level 1:colcon.colcon_core.package_identification:_identify(apriltag_msgs) by extension 'colcon_pkg'
[0.121s] Level 1:colcon.colcon_core.package_identification:_identify(apriltag_msgs) by extensions ['colcon_meta']
[0.121s] Level 1:colcon.colcon_core.package_identification:_identify(apriltag_msgs) by extension 'colcon_meta'
[0.121s] Level 1:colcon.colcon_core.package_identification:_identify(apriltag_msgs) by extensions ['ros']
[0.121s] Level 1:colcon.colcon_core.package_identification:_identify(apriltag_msgs) by extension 'ros'
[0.123s] DEBUG:colcon.colcon_core.package_identification:Package 'apriltag_msgs' with type 'ros.ament_cmake' and name 'apriltag_msgs'
[0.124s] Level 1:colcon.colcon_core.package_identification:_identify(apriltag_ros) by extensions ['ignore', 'ignore_ament_install']
[0.124s] Level 1:colcon.colcon_core.package_identification:_identify(apriltag_ros) by extension 'ignore'
[0.124s] Level 1:colcon.colcon_core.package_identification:_identify(apriltag_ros) by extension 'ignore_ament_install'
[0.124s] Level 1:colcon.colcon_core.package_identification:_identify(apriltag_ros) by extensions ['colcon_pkg']
[0.124s] Level 1:colcon.colcon_core.package_identification:_identify(apriltag_ros) by extension 'colcon_pkg'
[0.124s] Level 1:colcon.colcon_core.package_identification:_identify(apriltag_ros) by extensions ['colcon_meta']
[0.124s] Level 1:colcon.colcon_core.package_identification:_identify(apriltag_ros) by extension 'colcon_meta'
[0.124s] Level 1:colcon.colcon_core.package_identification:_identify(apriltag_ros) by extensions ['ros']
[0.124s] Level 1:colcon.colcon_core.package_identification:_identify(apriltag_ros) by extension 'ros'
[0.124s] DEBUG:colcon.colcon_core.package_identification:Package 'apriltag_ros' with type 'ros.ament_cmake' and name 'apriltag_ros'
[0.124s] Level 1:colcon.colcon_core.package_identification:_identify(build) by extensions ['ignore', 'ignore_ament_install']
[0.124s] Level 1:colcon.colcon_core.package_identification:_identify(build) by extension 'ignore'
[0.124s] Level 1:colcon.colcon_core.package_identification:_identify(build) ignored
[0.124s] Level 1:colcon.colcon_core.package_identification:_identify(install) by extensions ['ignore', 'ignore_ament_install']
[0.124s] Level 1:colcon.colcon_core.package_identification:_identify(install) by extension 'ignore'
[0.124s] Level 1:colcon.colcon_core.package_identification:_identify(install) ignored
[0.124s] Level 1:colcon.colcon_core.package_identification:_identify(log) by extensions ['ignore', 'ignore_ament_install']
[0.124s] Level 1:colcon.colcon_core.package_identification:_identify(log) by extension 'ignore'
[0.124s] Level 1:colcon.colcon_core.package_identification:_identify(log) ignored
[0.125s] Level 1:colcon.colcon_core.package_discovery:discover_packages(recursive) using defaults
[0.125s] Level 1:colcon.colcon_core.package_discovery:discover_packages(ignore) discover
[0.125s] Level 1:colcon.colcon_core.package_discovery:discover_packages(ignore) using defaults
[0.125s] Level 1:colcon.colcon_core.package_discovery:discover_packages(path) discover
[0.125s] Level 1:colcon.colcon_core.package_discovery:discover_packages(path) using defaults
[0.134s] Level 5:colcon.colcon_core.verb:set package 'apriltag_msgs' build argument 'cmake_args' from command line to '['-DCMAKE_BUILD_TYPE=Debug', '-DCMAKE_EXPORT_COMPILE_COMMANDS=Yes']'
[0.134s] Level 5:colcon.colcon_core.verb:set package 'apriltag_msgs' build argument 'cmake_target' from command line to 'None'
[0.134s] Level 5:colcon.colcon_core.verb:set package 'apriltag_msgs' build argument 'cmake_target_skip_unavailable' from command line to 'False'
[0.134s] Level 5:colcon.colcon_core.verb:set package 'apriltag_msgs' build argument 'cmake_clean_cache' from command line to 'False'
[0.134s] Level 5:colcon.colcon_core.verb:set package 'apriltag_msgs' build argument 'cmake_clean_first' from command line to 'False'
[0.134s] Level 5:colcon.colcon_core.verb:set package 'apriltag_msgs' build argument 'cmake_force_configure' from command line to 'False'
[0.134s] Level 5:colcon.colcon_core.verb:set package 'apriltag_msgs' build argument 'ament_cmake_args' from command line to 'None'
[0.134s] Level 5:colcon.colcon_core.verb:set package 'apriltag_msgs' build argument 'catkin_cmake_args' from command line to 'None'
[0.134s] Level 5:colcon.colcon_core.verb:set package 'apriltag_msgs' build argument 'catkin_skip_building_tests' from command line to 'False'
[0.134s] DEBUG:colcon.colcon_core.verb:Building package 'apriltag_msgs' with the following arguments: {'ament_cmake_args': None, 'build_base': '/home/ubt/workspace/jazzy_ws/apriltag_ros/build/apriltag_msgs', 'catkin_cmake_args': None, 'catkin_skip_building_tests': False, 'cmake_args': ['-DCMAKE_BUILD_TYPE=Debug', '-DCMAKE_EXPORT_COMPILE_COMMANDS=Yes'], 'cmake_clean_cache': False, 'cmake_clean_first': False, 'cmake_force_configure': False, 'cmake_target': None, 'cmake_target_skip_unavailable': False, 'install_base': '/home/ubt/workspace/jazzy_ws/apriltag_ros/install/apriltag_msgs', 'merge_install': False, 'path': '/home/ubt/workspace/jazzy_ws/apriltag_ros/apriltag_msgs', 'symlink_install': True, 'test_result_base': None}
[0.134s] Level 5:colcon.colcon_core.verb:set package 'apriltag_ros' build argument 'cmake_args' from command line to '['-DCMAKE_BUILD_TYPE=Debug', '-DCMAKE_EXPORT_COMPILE_COMMANDS=Yes']'
[0.134s] Level 5:colcon.colcon_core.verb:set package 'apriltag_ros' build argument 'cmake_target' from command line to 'None'
[0.134s] Level 5:colcon.colcon_core.verb:set package 'apriltag_ros' build argument 'cmake_target_skip_unavailable' from command line to 'False'
[0.134s] Level 5:colcon.colcon_core.verb:set package 'apriltag_ros' build argument 'cmake_clean_cache' from command line to 'False'
[0.134s] Level 5:colcon.colcon_core.verb:set package 'apriltag_ros' build argument 'cmake_clean_first' from command line to 'False'
[0.134s] Level 5:colcon.colcon_core.verb:set package 'apriltag_ros' build argument 'cmake_force_configure' from command line to 'False'
[0.134s] Level 5:colcon.colcon_core.verb:set package 'apriltag_ros' build argument 'ament_cmake_args' from command line to 'None'
[0.134s] Level 5:colcon.colcon_core.verb:set package 'apriltag_ros' build argument 'catkin_cmake_args' from command line to 'None'
[0.134s] Level 5:colcon.colcon_core.verb:set package 'apriltag_ros' build argument 'catkin_skip_building_tests' from command line to 'False'
[0.134s] DEBUG:colcon.colcon_core.verb:Building package 'apriltag_ros' with the following arguments: {'ament_cmake_args': None, 'build_base': '/home/ubt/workspace/jazzy_ws/apriltag_ros/build/apriltag_ros', 'catkin_cmake_args': None, 'catkin_skip_building_tests': False, 'cmake_args': ['-DCMAKE_BUILD_TYPE=Debug', '-DCMAKE_EXPORT_COMPILE_COMMANDS=Yes'], 'cmake_clean_cache': False, 'cmake_clean_first': False, 'cmake_force_configure': False, 'cmake_target': None, 'cmake_target_skip_unavailable': False, 'install_base': '/home/ubt/workspace/jazzy_ws/apriltag_ros/install/apriltag_ros', 'merge_install': False, 'path': '/home/ubt/workspace/jazzy_ws/apriltag_ros/apriltag_ros', 'symlink_install': True, 'test_result_base': None}
[0.135s] INFO:colcon.colcon_core.executor:Executing jobs using 'parallel' executor
[0.135s] DEBUG:colcon.colcon_parallel_executor.executor.parallel:run_until_complete
[0.135s] INFO:colcon.colcon_ros.task.ament_cmake.build:Building ROS package in '/home/ubt/workspace/jazzy_ws/apriltag_ros/apriltag_msgs' with build type 'ament_cmake'
[0.135s] INFO:colcon.colcon_cmake.task.cmake.build:Building CMake package in '/home/ubt/workspace/jazzy_ws/apriltag_ros/apriltag_msgs'
[0.138s] INFO:colcon.colcon_core.plugin_system:Skipping extension 'colcon_core.shell.bat': Not used on non-Windows systems
[0.138s] INFO:colcon.colcon_core.shell:Skip shell extension 'powershell' for command environment: Not usable outside of PowerShell
[0.138s] DEBUG:colcon.colcon_core.shell:Skip shell extension 'dsv' for command environment
[0.144s] DEBUG:colcon.colcon_core.event_handler.log_command:Invoking command in '/home/ubt/workspace/jazzy_ws/apriltag_ros/build/apriltag_msgs': CMAKE_PREFIX_PATH=${CMAKE_PREFIX_PATH}:/opt/ros/jazzy DEBUGINFOD_URLS=https://debuginfod.ubuntu.com /usr/bin/cmake /home/ubt/workspace/jazzy_ws/apriltag_ros/apriltag_msgs -DCMAKE_BUILD_TYPE=Debug -DCMAKE_EXPORT_COMPILE_COMMANDS=Yes -DAMENT_CMAKE_SYMLINK_INSTALL=1 -DCMAKE_INSTALL_PREFIX=/home/ubt/workspace/jazzy_ws/apriltag_ros/install/apriltag_msgs
[2.444s] DEBUG:colcon.colcon_core.event_handler.log_command:Invoked command in '/home/ubt/workspace/jazzy_ws/apriltag_ros/build/apriltag_msgs' returned '0': CMAKE_PREFIX_PATH=${CMAKE_PREFIX_PATH}:/opt/ros/jazzy DEBUGINFOD_URLS=https://debuginfod.ubuntu.com /usr/bin/cmake /home/ubt/workspace/jazzy_ws/apriltag_ros/apriltag_msgs -DCMAKE_BUILD_TYPE=Debug -DCMAKE_EXPORT_COMPILE_COMMANDS=Yes -DAMENT_CMAKE_SYMLINK_INSTALL=1 -DCMAKE_INSTALL_PREFIX=/home/ubt/workspace/jazzy_ws/apriltag_ros/install/apriltag_msgs
[2.444s] DEBUG:colcon.colcon_core.event_handler.log_command:Invoking command in '/home/ubt/workspace/jazzy_ws/apriltag_ros/build/apriltag_msgs': CMAKE_PREFIX_PATH=${CMAKE_PREFIX_PATH}:/opt/ros/jazzy DEBUGINFOD_URLS=https://debuginfod.ubuntu.com /usr/bin/cmake --build /home/ubt/workspace/jazzy_ws/apriltag_ros/build/apriltag_msgs -- -j24 -l24
[3.837s] DEBUG:colcon.colcon_core.event_handler.log_command:Invoked command in '/home/ubt/workspace/jazzy_ws/apriltag_ros/build/apriltag_msgs' returned '0': CMAKE_PREFIX_PATH=${CMAKE_PREFIX_PATH}:/opt/ros/jazzy DEBUGINFOD_URLS=https://debuginfod.ubuntu.com /usr/bin/cmake --build /home/ubt/workspace/jazzy_ws/apriltag_ros/build/apriltag_msgs -- -j24 -l24
[3.905s] DEBUG:colcon.colcon_core.event_handler.log_command:Invoking command in '/home/ubt/workspace/jazzy_ws/apriltag_ros/build/apriltag_msgs': CMAKE_PREFIX_PATH=${CMAKE_PREFIX_PATH}:/opt/ros/jazzy DEBUGINFOD_URLS=https://debuginfod.ubuntu.com /usr/bin/cmake --install /home/ubt/workspace/jazzy_ws/apriltag_ros/build/apriltag_msgs
[4.066s] Level 1:colcon.colcon_core.environment:create_environment_scripts_only(apriltag_msgs)
[4.066s] DEBUG:colcon.colcon_core.event_handler.log_command:Invoked command in '/home/ubt/workspace/jazzy_ws/apriltag_ros/build/apriltag_msgs' returned '0': CMAKE_PREFIX_PATH=${CMAKE_PREFIX_PATH}:/opt/ros/jazzy DEBUGINFOD_URLS=https://debuginfod.ubuntu.com /usr/bin/cmake --install /home/ubt/workspace/jazzy_ws/apriltag_ros/build/apriltag_msgs
[4.069s] Level 1:colcon.colcon_core.environment:checking '/home/ubt/workspace/jazzy_ws/apriltag_ros/install/apriltag_msgs' for CMake module files
[4.070s] Level 1:colcon.colcon_core.environment:checking '/home/ubt/workspace/jazzy_ws/apriltag_ros/install/apriltag_msgs' for CMake config files
[4.070s] Level 1:colcon.colcon_core.shell:create_environment_hook('apriltag_msgs', 'cmake_prefix_path')
[4.070s] INFO:colcon.colcon_core.shell:Creating environment hook '/home/ubt/workspace/jazzy_ws/apriltag_ros/install/apriltag_msgs/share/apriltag_msgs/hook/cmake_prefix_path.ps1'
[4.071s] INFO:colcon.colcon_core.shell:Creating environment descriptor '/home/ubt/workspace/jazzy_ws/apriltag_ros/install/apriltag_msgs/share/apriltag_msgs/hook/cmake_prefix_path.dsv'
[4.071s] INFO:colcon.colcon_core.shell:Creating environment hook '/home/ubt/workspace/jazzy_ws/apriltag_ros/install/apriltag_msgs/share/apriltag_msgs/hook/cmake_prefix_path.sh'
[4.072s] Level 1:colcon.colcon_core.environment:checking '/home/ubt/workspace/jazzy_ws/apriltag_ros/install/apriltag_msgs/lib'
[4.072s] Level 1:colcon.colcon_core.shell:create_environment_hook('apriltag_msgs', 'ld_library_path_lib')
[4.072s] INFO:colcon.colcon_core.shell:Creating environment hook '/home/ubt/workspace/jazzy_ws/apriltag_ros/install/apriltag_msgs/share/apriltag_msgs/hook/ld_library_path_lib.ps1'
[4.072s] INFO:colcon.colcon_core.shell:Creating environment descriptor '/home/ubt/workspace/jazzy_ws/apriltag_ros/install/apriltag_msgs/share/apriltag_msgs/hook/ld_library_path_lib.dsv'
[4.072s] INFO:colcon.colcon_core.shell:Creating environment hook '/home/ubt/workspace/jazzy_ws/apriltag_ros/install/apriltag_msgs/share/apriltag_msgs/hook/ld_library_path_lib.sh'
[4.072s] Level 1:colcon.colcon_core.environment:checking '/home/ubt/workspace/jazzy_ws/apriltag_ros/install/apriltag_msgs/bin'
[4.072s] Level 1:colcon.colcon_core.environment:checking '/home/ubt/workspace/jazzy_ws/apriltag_ros/install/apriltag_msgs/lib/pkgconfig/apriltag_msgs.pc'
[4.073s] Level 1:colcon.colcon_core.environment:checking '/home/ubt/workspace/jazzy_ws/apriltag_ros/install/apriltag_msgs/lib/python3.12/site-packages'
[4.073s] Level 1:colcon.colcon_core.shell:create_environment_hook('apriltag_msgs', 'pythonpath')
[4.073s] INFO:colcon.colcon_core.shell:Creating environment hook '/home/ubt/workspace/jazzy_ws/apriltag_ros/install/apriltag_msgs/share/apriltag_msgs/hook/pythonpath.ps1'
[4.073s] INFO:colcon.colcon_core.shell:Creating environment descriptor '/home/ubt/workspace/jazzy_ws/apriltag_ros/install/apriltag_msgs/share/apriltag_msgs/hook/pythonpath.dsv'
[4.074s] INFO:colcon.colcon_core.shell:Creating environment hook '/home/ubt/workspace/jazzy_ws/apriltag_ros/install/apriltag_msgs/share/apriltag_msgs/hook/pythonpath.sh'
[4.074s] Level 1:colcon.colcon_core.environment:checking '/home/ubt/workspace/jazzy_ws/apriltag_ros/install/apriltag_msgs/bin'
[4.074s] INFO:colcon.colcon_core.shell:Creating package script '/home/ubt/workspace/jazzy_ws/apriltag_ros/install/apriltag_msgs/share/apriltag_msgs/package.ps1'
[4.074s] INFO:colcon.colcon_core.shell:Creating package descriptor '/home/ubt/workspace/jazzy_ws/apriltag_ros/install/apriltag_msgs/share/apriltag_msgs/package.dsv'
[4.075s] INFO:colcon.colcon_core.shell:Creating package script '/home/ubt/workspace/jazzy_ws/apriltag_ros/install/apriltag_msgs/share/apriltag_msgs/package.sh'
[4.075s] INFO:colcon.colcon_core.shell:Creating package script '/home/ubt/workspace/jazzy_ws/apriltag_ros/install/apriltag_msgs/share/apriltag_msgs/package.bash'
[4.076s] INFO:colcon.colcon_core.shell:Creating package script '/home/ubt/workspace/jazzy_ws/apriltag_ros/install/apriltag_msgs/share/apriltag_msgs/package.zsh'
[4.076s] Level 1:colcon.colcon_core.environment:create_file_with_runtime_dependencies(/home/ubt/workspace/jazzy_ws/apriltag_ros/install/apriltag_msgs/share/colcon-core/packages/apriltag_msgs)
[4.143s] Level 1:colcon.colcon_core.environment:create_environment_scripts_only(apriltag_msgs)
[4.143s] Level 1:colcon.colcon_core.environment:checking '/home/ubt/workspace/jazzy_ws/apriltag_ros/install/apriltag_msgs' for CMake module files
[4.144s] Level 1:colcon.colcon_core.environment:checking '/home/ubt/workspace/jazzy_ws/apriltag_ros/install/apriltag_msgs' for CMake config files
[4.144s] Level 1:colcon.colcon_core.shell:create_environment_hook('apriltag_msgs', 'cmake_prefix_path')
[4.144s] INFO:colcon.colcon_core.shell:Creating environment hook '/home/ubt/workspace/jazzy_ws/apriltag_ros/install/apriltag_msgs/share/apriltag_msgs/hook/cmake_prefix_path.ps1'
[4.145s] INFO:colcon.colcon_core.shell:Creating environment descriptor '/home/ubt/workspace/jazzy_ws/apriltag_ros/install/apriltag_msgs/share/apriltag_msgs/hook/cmake_prefix_path.dsv'
[4.145s] INFO:colcon.colcon_core.shell:Creating environment hook '/home/ubt/workspace/jazzy_ws/apriltag_ros/install/apriltag_msgs/share/apriltag_msgs/hook/cmake_prefix_path.sh'
[4.145s] Level 1:colcon.colcon_core.environment:checking '/home/ubt/workspace/jazzy_ws/apriltag_ros/install/apriltag_msgs/lib'
[4.145s] Level 1:colcon.colcon_core.shell:create_environment_hook('apriltag_msgs', 'ld_library_path_lib')
[4.145s] INFO:colcon.colcon_core.shell:Creating environment hook '/home/ubt/workspace/jazzy_ws/apriltag_ros/install/apriltag_msgs/share/apriltag_msgs/hook/ld_library_path_lib.ps1'
[4.145s] INFO:colcon.colcon_core.shell:Creating environment descriptor '/home/ubt/workspace/jazzy_ws/apriltag_ros/install/apriltag_msgs/share/apriltag_msgs/hook/ld_library_path_lib.dsv'
[4.145s] INFO:colcon.colcon_core.shell:Creating environment hook '/home/ubt/workspace/jazzy_ws/apriltag_ros/install/apriltag_msgs/share/apriltag_msgs/hook/ld_library_path_lib.sh'
[4.146s] Level 1:colcon.colcon_core.environment:checking '/home/ubt/workspace/jazzy_ws/apriltag_ros/install/apriltag_msgs/bin'
[4.146s] Level 1:colcon.colcon_core.environment:checking '/home/ubt/workspace/jazzy_ws/apriltag_ros/install/apriltag_msgs/lib/pkgconfig/apriltag_msgs.pc'
[4.146s] Level 1:colcon.colcon_core.environment:checking '/home/ubt/workspace/jazzy_ws/apriltag_ros/install/apriltag_msgs/lib/python3.12/site-packages'
[4.146s] Level 1:colcon.colcon_core.shell:create_environment_hook('apriltag_msgs', 'pythonpath')
[4.146s] INFO:colcon.colcon_core.shell:Creating environment hook '/home/ubt/workspace/jazzy_ws/apriltag_ros/install/apriltag_msgs/share/apriltag_msgs/hook/pythonpath.ps1'
[4.146s] INFO:colcon.colcon_core.shell:Creating environment descriptor '/home/ubt/workspace/jazzy_ws/apriltag_ros/install/apriltag_msgs/share/apriltag_msgs/hook/pythonpath.dsv'
[4.146s] INFO:colcon.colcon_core.shell:Creating environment hook '/home/ubt/workspace/jazzy_ws/apriltag_ros/install/apriltag_msgs/share/apriltag_msgs/hook/pythonpath.sh'
[4.146s] Level 1:colcon.colcon_core.environment:checking '/home/ubt/workspace/jazzy_ws/apriltag_ros/install/apriltag_msgs/bin'
[4.146s] INFO:colcon.colcon_core.shell:Creating package script '/home/ubt/workspace/jazzy_ws/apriltag_ros/install/apriltag_msgs/share/apriltag_msgs/package.ps1'
[4.147s] INFO:colcon.colcon_core.shell:Creating package descriptor '/home/ubt/workspace/jazzy_ws/apriltag_ros/install/apriltag_msgs/share/apriltag_msgs/package.dsv'
[4.147s] INFO:colcon.colcon_core.shell:Creating package script '/home/ubt/workspace/jazzy_ws/apriltag_ros/install/apriltag_msgs/share/apriltag_msgs/package.sh'
[4.147s] INFO:colcon.colcon_core.shell:Creating package script '/home/ubt/workspace/jazzy_ws/apriltag_ros/install/apriltag_msgs/share/apriltag_msgs/package.bash'
[4.147s] INFO:colcon.colcon_core.shell:Creating package script '/home/ubt/workspace/jazzy_ws/apriltag_ros/install/apriltag_msgs/share/apriltag_msgs/package.zsh'
[4.148s] Level 1:colcon.colcon_core.environment:create_file_with_runtime_dependencies(/home/ubt/workspace/jazzy_ws/apriltag_ros/install/apriltag_msgs/share/colcon-core/packages/apriltag_msgs)
[4.148s] INFO:colcon.colcon_ros.task.ament_cmake.build:Building ROS package in '/home/ubt/workspace/jazzy_ws/apriltag_ros/apriltag_ros' with build type 'ament_cmake'
[4.148s] INFO:colcon.colcon_cmake.task.cmake.build:Building CMake package in '/home/ubt/workspace/jazzy_ws/apriltag_ros/apriltag_ros'
[4.148s] INFO:colcon.colcon_core.shell:Skip shell extension 'powershell' for command environment: Not usable outside of PowerShell
[4.148s] DEBUG:colcon.colcon_core.shell:Skip shell extension 'dsv' for command environment
[4.154s] DEBUG:colcon.colcon_core.event_handler.log_command:Invoking command in '/home/ubt/workspace/jazzy_ws/apriltag_ros/build/apriltag_ros': AMENT_PREFIX_PATH=/home/ubt/workspace/jazzy_ws/apriltag_ros/install/apriltag_msgs:${AMENT_PREFIX_PATH} CMAKE_PREFIX_PATH=/home/ubt/workspace/jazzy_ws/apriltag_ros/install/apriltag_msgs:/opt/ros/jazzy/opt/gz_sim_vendor:/opt/ros/jazzy/opt/gz_sensors_vendor:/opt/ros/jazzy/opt/gz_physics_vendor:/opt/ros/jazzy/opt/sdformat_vendor:/opt/ros/jazzy/opt/gz_gui_vendor:/opt/ros/jazzy/opt/gz_transport_vendor:/opt/ros/jazzy/opt/gz_rendering_vendor:/opt/ros/jazzy/opt/gz_plugin_vendor:/opt/ros/jazzy/opt/gz_fuel_tools_vendor:/opt/ros/jazzy/opt/gz_msgs_vendor:/opt/ros/jazzy/opt/gz_common_vendor:/opt/ros/jazzy/opt/gz_math_vendor:/opt/ros/jazzy/opt/gz_utils_vendor:/opt/ros/jazzy/opt/gz_tools_vendor:/opt/ros/jazzy/opt/gz_ogre_next_vendor:/opt/ros/jazzy/opt/gz_dartsim_vendor:/opt/ros/jazzy/opt/gz_cmake_vendor:/opt/ros/jazzy DEBUGINFOD_URLS=https://debuginfod.ubuntu.com LD_LIBRARY_PATH=/home/ubt/workspace/jazzy_ws/apriltag_ros/install/apriltag_msgs/lib:${LD_LIBRARY_PATH} PYTHONPATH=/home/ubt/workspace/jazzy_ws/apriltag_ros/install/apriltag_msgs/lib/python3.12/site-packages:${PYTHONPATH} /usr/bin/cmake /home/ubt/workspace/jazzy_ws/apriltag_ros/apriltag_ros -DCMAKE_BUILD_TYPE=Debug -DCMAKE_EXPORT_COMPILE_COMMANDS=Yes -DAMENT_CMAKE_SYMLINK_INSTALL=1 -DCMAKE_INSTALL_PREFIX=/home/ubt/workspace/jazzy_ws/apriltag_ros/install/apriltag_ros
[5.096s] DEBUG:colcon.colcon_core.event_handler.log_command:Invoked command in '/home/ubt/workspace/jazzy_ws/apriltag_ros/build/apriltag_ros' returned '1': AMENT_PREFIX_PATH=/home/ubt/workspace/jazzy_ws/apriltag_ros/install/apriltag_msgs:${AMENT_PREFIX_PATH} CMAKE_PREFIX_PATH=/home/ubt/workspace/jazzy_ws/apriltag_ros/install/apriltag_msgs:/opt/ros/jazzy/opt/gz_sim_vendor:/opt/ros/jazzy/opt/gz_sensors_vendor:/opt/ros/jazzy/opt/gz_physics_vendor:/opt/ros/jazzy/opt/sdformat_vendor:/opt/ros/jazzy/opt/gz_gui_vendor:/opt/ros/jazzy/opt/gz_transport_vendor:/opt/ros/jazzy/opt/gz_rendering_vendor:/opt/ros/jazzy/opt/gz_plugin_vendor:/opt/ros/jazzy/opt/gz_fuel_tools_vendor:/opt/ros/jazzy/opt/gz_msgs_vendor:/opt/ros/jazzy/opt/gz_common_vendor:/opt/ros/jazzy/opt/gz_math_vendor:/opt/ros/jazzy/opt/gz_utils_vendor:/opt/ros/jazzy/opt/gz_tools_vendor:/opt/ros/jazzy/opt/gz_ogre_next_vendor:/opt/ros/jazzy/opt/gz_dartsim_vendor:/opt/ros/jazzy/opt/gz_cmake_vendor:/opt/ros/jazzy DEBUGINFOD_URLS=https://debuginfod.ubuntu.com LD_LIBRARY_PATH=/home/ubt/workspace/jazzy_ws/apriltag_ros/install/apriltag_msgs/lib:${LD_LIBRARY_PATH} PYTHONPATH=/home/ubt/workspace/jazzy_ws/apriltag_ros/install/apriltag_msgs/lib/python3.12/site-packages:${PYTHONPATH} /usr/bin/cmake /home/ubt/workspace/jazzy_ws/apriltag_ros/apriltag_ros -DCMAKE_BUILD_TYPE=Debug -DCMAKE_EXPORT_COMPILE_COMMANDS=Yes -DAMENT_CMAKE_SYMLINK_INSTALL=1 -DCMAKE_INSTALL_PREFIX=/home/ubt/workspace/jazzy_ws/apriltag_ros/install/apriltag_ros
[5.100s] Level 1:colcon.colcon_core.environment:create_environment_scripts_only(apriltag_ros)
[5.100s] Level 1:colcon.colcon_core.environment:checking '/home/ubt/workspace/jazzy_ws/apriltag_ros/install/apriltag_ros' for CMake module files
[5.100s] Level 1:colcon.colcon_core.environment:checking '/home/ubt/workspace/jazzy_ws/apriltag_ros/install/apriltag_ros' for CMake config files
[5.100s] Level 1:colcon.colcon_core.environment:checking '/home/ubt/workspace/jazzy_ws/apriltag_ros/install/apriltag_ros/bin'
[5.100s] Level 1:colcon.colcon_core.environment:checking '/home/ubt/workspace/jazzy_ws/apriltag_ros/install/apriltag_ros/lib/pkgconfig/apriltag_ros.pc'
[5.100s] Level 1:colcon.colcon_core.environment:checking '/home/ubt/workspace/jazzy_ws/apriltag_ros/install/apriltag_ros/lib/python3.12/site-packages'
[5.101s] Level 1:colcon.colcon_core.environment:checking '/home/ubt/workspace/jazzy_ws/apriltag_ros/install/apriltag_ros/bin'
[5.101s] INFO:colcon.colcon_core.shell:Creating package script '/home/ubt/workspace/jazzy_ws/apriltag_ros/install/apriltag_ros/share/apriltag_ros/package.ps1'
[5.101s] INFO:colcon.colcon_core.shell:Creating package descriptor '/home/ubt/workspace/jazzy_ws/apriltag_ros/install/apriltag_ros/share/apriltag_ros/package.dsv'
[5.101s] INFO:colcon.colcon_core.shell:Creating package script '/home/ubt/workspace/jazzy_ws/apriltag_ros/install/apriltag_ros/share/apriltag_ros/package.sh'
[5.101s] INFO:colcon.colcon_core.shell:Creating package script '/home/ubt/workspace/jazzy_ws/apriltag_ros/install/apriltag_ros/share/apriltag_ros/package.bash'
[5.101s] INFO:colcon.colcon_core.shell:Creating package script '/home/ubt/workspace/jazzy_ws/apriltag_ros/install/apriltag_ros/share/apriltag_ros/package.zsh'
[5.101s] Level 1:colcon.colcon_core.environment:create_file_with_runtime_dependencies(/home/ubt/workspace/jazzy_ws/apriltag_ros/install/apriltag_ros/share/colcon-core/packages/apriltag_ros)
[5.111s] DEBUG:colcon.colcon_parallel_executor.executor.parallel:closing loop
[5.112s] DEBUG:colcon.colcon_parallel_executor.executor.parallel:loop closed
[5.112s] DEBUG:colcon.colcon_parallel_executor.executor.parallel:run_until_complete finished with '1'
[5.112s] DEBUG:colcon.colcon_core.event_reactor:joining thread
[5.116s] INFO:colcon.colcon_core.plugin_system:Skipping extension 'colcon_notification.desktop_notification.notify_send': Could not find 'notify-send'
[5.116s] INFO:colcon.colcon_core.plugin_system:Skipping extension 'colcon_notification.desktop_notification.terminal_notifier': Not used on non-Darwin systems
[5.116s] INFO:colcon.colcon_core.plugin_system:Skipping extension 'colcon_notification.desktop_notification.win32': Not used on non-Windows systems
[5.116s] INFO:colcon.colcon_notification.desktop_notification:Sending desktop notification using 'notify2'
[5.117s] DEBUG:colcon.colcon_notification.desktop_notification.notify2:Failed to initialize notify2: org.freedesktop.DBus.Error.Spawn.ExecFailed: /usr/bin/dbus-launch terminated abnormally without any error message
[5.117s] DEBUG:colcon.colcon_core.event_reactor:joined thread
[5.118s] INFO:colcon.colcon_core.shell:Creating prefix script '/home/ubt/workspace/jazzy_ws/apriltag_ros/install/local_setup.ps1'
[5.118s] INFO:colcon.colcon_core.shell:Creating prefix util module '/home/ubt/workspace/jazzy_ws/apriltag_ros/install/_local_setup_util_ps1.py'
[5.119s] INFO:colcon.colcon_core.shell:Creating prefix chain script '/home/ubt/workspace/jazzy_ws/apriltag_ros/install/setup.ps1'
[5.120s] INFO:colcon.colcon_core.shell:Creating prefix script '/home/ubt/workspace/jazzy_ws/apriltag_ros/install/local_setup.sh'
[5.120s] INFO:colcon.colcon_core.shell:Creating prefix util module '/home/ubt/workspace/jazzy_ws/apriltag_ros/install/_local_setup_util_sh.py'
[5.120s] INFO:colcon.colcon_core.shell:Creating prefix chain script '/home/ubt/workspace/jazzy_ws/apriltag_ros/install/setup.sh'
[5.121s] INFO:colcon.colcon_core.shell:Creating prefix script '/home/ubt/workspace/jazzy_ws/apriltag_ros/install/local_setup.bash'
[5.121s] INFO:colcon.colcon_core.shell:Creating prefix chain script '/home/ubt/workspace/jazzy_ws/apriltag_ros/install/setup.bash'
[5.122s] INFO:colcon.colcon_core.shell:Creating prefix script '/home/ubt/workspace/jazzy_ws/apriltag_ros/install/local_setup.zsh'
[5.122s] INFO:colcon.colcon_core.shell:Creating prefix chain script '/home/ubt/workspace/jazzy_ws/apriltag_ros/install/setup.zsh'
