[0.009s] Invoking command in '/home/ubt/workspace/jazzy_ws/apriltag_ros/build/apriltag_msgs': CMAKE_PREFIX_PATH=${CMAKE_PREFIX_PATH}:/opt/ros/jazzy DEBUGINFOD_URLS=https://debuginfod.ubuntu.com /usr/bin/cmake /home/ubt/workspace/jazzy_ws/apriltag_ros/apriltag_msgs -DCMAKE_BUILD_TYPE=Debug -DCMAKE_EXPORT_COMPILE_COMMANDS=Yes -DAMENT_CMAKE_SYMLINK_INSTALL=1 -DCMAKE_INSTALL_PREFIX=/home/ubt/workspace/jazzy_ws/apriltag_ros/install/apriltag_msgs
[0.169s] -- The C compiler identification is GNU 13.2.0
[0.294s] -- The CXX compiler identification is GNU 13.2.0
[0.311s] -- Detecting C compiler ABI info
[0.355s] -- Detecting C compiler ABI info - done
[0.361s] -- Check for working C compiler: /usr/bin/cc - skipped
[0.361s] -- Detecting C compile features
[0.361s] -- Detecting C compile features - done
[0.369s] -- Detecting CXX compiler ABI info
[0.416s] -- Detecting CXX compiler ABI info - done
[0.422s] -- Check for working CXX compiler: /usr/bin/c++ - skipped
[0.422s] -- Detecting CXX compile features
[0.422s] -- Detecting CXX compile features - done
[0.438s] -- Found ament_cmake: 2.5.2 (/opt/ros/jazzy/share/ament_cmake/cmake)
[0.538s] -- Found Python3: /usr/bin/python3 (found version "3.12.3") found components: Interpreter 
[0.589s] -- Override CMake install command with custom implementation using symlinks instead of copying resources
[0.637s] -- Found rosidl_default_generators: 1.6.0 (/opt/ros/jazzy/share/rosidl_default_generators/cmake)
[0.647s] -- Using all available rosidl_typesupport_c: rosidl_typesupport_fastrtps_c;rosidl_typesupport_introspection_c
[0.726s] -- Using all available rosidl_typesupport_cpp: rosidl_typesupport_fastrtps_cpp;rosidl_typesupport_introspection_cpp
[0.776s] -- Found rosidl_adapter: 4.6.3 (/opt/ros/jazzy/share/rosidl_adapter/cmake)
[0.781s] -- Found std_msgs: 5.3.5 (/opt/ros/jazzy/share/std_msgs/cmake)
[1.186s] -- Found ament_cmake_ros: 0.12.0 (/opt/ros/jazzy/share/ament_cmake_ros/cmake)
[1.486s] -- Using all available rosidl_typesupport_c: rosidl_typesupport_fastrtps_c;rosidl_typesupport_introspection_c
[1.876s] -- Using all available rosidl_typesupport_cpp: rosidl_typesupport_fastrtps_cpp;rosidl_typesupport_introspection_cpp
[1.879s] -- Found python_cmake_module: 0.11.1 (/opt/ros/jazzy/share/python_cmake_module/cmake)
[1.957s] -- Found PythonExtra: /usr/bin/python3  
[2.216s] -- Found Python3: /usr/bin/python3 (found version "3.12.3") found components: Interpreter Development NumPy Development.Module Development.Embed 
[2.248s] -- Found ament_lint_auto: 0.17.1 (/opt/ros/jazzy/share/ament_lint_auto/cmake)
[2.277s] -- Added test 'lint_cmake' to check CMake code style
[2.278s] -- Added test 'xmllint' to check XML markup files
[2.281s] -- Configuring done (2.3s)
[2.303s] -- Generating done (0.0s)
[2.305s] -- Build files have been written to: /home/ubt/workspace/jazzy_ws/apriltag_ros/build/apriltag_msgs
[2.308s] Invoked command in '/home/ubt/workspace/jazzy_ws/apriltag_ros/build/apriltag_msgs' returned '0': CMAKE_PREFIX_PATH=${CMAKE_PREFIX_PATH}:/opt/ros/jazzy DEBUGINFOD_URLS=https://debuginfod.ubuntu.com /usr/bin/cmake /home/ubt/workspace/jazzy_ws/apriltag_ros/apriltag_msgs -DCMAKE_BUILD_TYPE=Debug -DCMAKE_EXPORT_COMPILE_COMMANDS=Yes -DAMENT_CMAKE_SYMLINK_INSTALL=1 -DCMAKE_INSTALL_PREFIX=/home/ubt/workspace/jazzy_ws/apriltag_ros/install/apriltag_msgs
[2.309s] Invoking command in '/home/ubt/workspace/jazzy_ws/apriltag_ros/build/apriltag_msgs': CMAKE_PREFIX_PATH=${CMAKE_PREFIX_PATH}:/opt/ros/jazzy DEBUGINFOD_URLS=https://debuginfod.ubuntu.com /usr/bin/cmake --build /home/ubt/workspace/jazzy_ws/apriltag_ros/build/apriltag_msgs -- -j24 -l24
[2.323s] [  1%] [34m[1mGenerating type hashes for ROS interfaces[0m
[2.324s] [  1%] Built target ament_cmake_python_symlink_apriltag_msgs
[2.425s] running egg_info
[2.426s] creating apriltag_msgs.egg-info
[2.434s] writing apriltag_msgs.egg-info/PKG-INFO
[2.434s] writing dependency_links to apriltag_msgs.egg-info/dependency_links.txt
[2.434s] writing top-level names to apriltag_msgs.egg-info/top_level.txt
[2.434s] writing manifest file 'apriltag_msgs.egg-info/SOURCES.txt'
[2.447s] [  1%] Built target apriltag_msgs__rosidl_generator_type_description
[2.451s] [  3%] [34m[1mGenerating C code for ROS interfaces[0m
[2.454s] [  5%] [34m[1mGenerating C++ code for ROS interfaces[0m
[2.458s] reading manifest file 'apriltag_msgs.egg-info/SOURCES.txt'
[2.458s] writing manifest file 'apriltag_msgs.egg-info/SOURCES.txt'
[2.469s] [  5%] Built target ament_cmake_python_build_apriltag_msgs_egg
[2.616s] [  5%] Built target apriltag_msgs__cpp
[2.636s] [  7%] [32mBuilding C object CMakeFiles/apriltag_msgs__rosidl_generator_c.dir/rosidl_generator_c/apriltag_msgs/msg/detail/point__description.c.o[0m
[2.636s] [ 12%] [32mBuilding C object CMakeFiles/apriltag_msgs__rosidl_generator_c.dir/rosidl_generator_c/apriltag_msgs/msg/detail/point__type_support.c.o[0m
[2.636s] [ 12%] [32mBuilding C object CMakeFiles/apriltag_msgs__rosidl_generator_c.dir/rosidl_generator_c/apriltag_msgs/msg/detail/april_tag_detection__functions.c.o[0m
[2.636s] [ 12%] [32mBuilding C object CMakeFiles/apriltag_msgs__rosidl_generator_c.dir/rosidl_generator_c/apriltag_msgs/msg/detail/april_tag_detection__description.c.o[0m
[2.636s] [ 16%] [32mBuilding C object CMakeFiles/apriltag_msgs__rosidl_generator_c.dir/rosidl_generator_c/apriltag_msgs/msg/detail/april_tag_detection_array__description.c.o[0m
[2.636s] [ 18%] [32mBuilding C object CMakeFiles/apriltag_msgs__rosidl_generator_c.dir/rosidl_generator_c/apriltag_msgs/msg/detail/point__functions.c.o[0m
[2.636s] [ 18%] [32mBuilding C object CMakeFiles/apriltag_msgs__rosidl_generator_c.dir/rosidl_generator_c/apriltag_msgs/msg/detail/april_tag_detection_array__functions.c.o[0m
[2.636s] [ 20%] [32mBuilding C object CMakeFiles/apriltag_msgs__rosidl_generator_c.dir/rosidl_generator_c/apriltag_msgs/msg/detail/april_tag_detection__type_support.c.o[0m
[2.636s] [ 22%] [32mBuilding C object CMakeFiles/apriltag_msgs__rosidl_generator_c.dir/rosidl_generator_c/apriltag_msgs/msg/detail/april_tag_detection_array__type_support.c.o[0m
[2.676s] [ 24%] [32m[1mLinking C shared library libapriltag_msgs__rosidl_generator_c.so[0m
[2.691s] [ 24%] Built target apriltag_msgs__rosidl_generator_c
[2.694s] [ 25%] [34m[1mGenerating C type support for eProsima Fast-RTPS[0m
[2.694s] [ 31%] [34m[1mGenerating C++ type support for eProsima Fast-RTPS[0m
[2.694s] [ 31%] [34m[1mGenerating C++ introspection for ROS interfaces[0m
[2.694s] [ 31%] [34m[1mGenerating C type support dispatch for ROS interfaces[0m
[2.694s] [ 33%] [34m[1mGenerating C++ type support dispatch for ROS interfaces[0m
[2.694s] [ 35%] [34m[1mGenerating C introspection for ROS interfaces[0m
[2.829s] [ 37%] [32mBuilding CXX object CMakeFiles/apriltag_msgs__rosidl_typesupport_c.dir/rosidl_typesupport_c/apriltag_msgs/msg/point__type_support.cpp.o[0m
[2.829s] [ 38%] [32mBuilding CXX object CMakeFiles/apriltag_msgs__rosidl_typesupport_c.dir/rosidl_typesupport_c/apriltag_msgs/msg/april_tag_detection__type_support.cpp.o[0m
[2.829s] [ 40%] [32mBuilding CXX object CMakeFiles/apriltag_msgs__rosidl_typesupport_c.dir/rosidl_typesupport_c/apriltag_msgs/msg/april_tag_detection_array__type_support.cpp.o[0m
[2.831s] [ 42%] [32mBuilding CXX object CMakeFiles/apriltag_msgs__rosidl_typesupport_cpp.dir/rosidl_typesupport_cpp/apriltag_msgs/msg/april_tag_detection__type_support.cpp.o[0m
[2.831s] [ 44%] [32mBuilding CXX object CMakeFiles/apriltag_msgs__rosidl_typesupport_cpp.dir/rosidl_typesupport_cpp/apriltag_msgs/msg/april_tag_detection_array__type_support.cpp.o[0m
[2.831s] [ 46%] [32mBuilding CXX object CMakeFiles/apriltag_msgs__rosidl_typesupport_cpp.dir/rosidl_typesupport_cpp/apriltag_msgs/msg/point__type_support.cpp.o[0m
[2.841s] [ 48%] [32mBuilding C object CMakeFiles/apriltag_msgs__rosidl_typesupport_introspection_c.dir/rosidl_typesupport_introspection_c/apriltag_msgs/msg/detail/april_tag_detection__type_support.c.o[0m
[2.841s] [ 50%] [32mBuilding C object CMakeFiles/apriltag_msgs__rosidl_typesupport_introspection_c.dir/rosidl_typesupport_introspection_c/apriltag_msgs/msg/detail/april_tag_detection_array__type_support.c.o[0m
[2.841s] [ 51%] [32mBuilding C object CMakeFiles/apriltag_msgs__rosidl_typesupport_introspection_c.dir/rosidl_typesupport_introspection_c/apriltag_msgs/msg/detail/point__type_support.c.o[0m
[2.842s] [ 53%] [32mBuilding CXX object CMakeFiles/apriltag_msgs__rosidl_typesupport_introspection_cpp.dir/rosidl_typesupport_introspection_cpp/apriltag_msgs/msg/detail/point__type_support.cpp.o[0m
[2.842s] [ 55%] [32mBuilding CXX object CMakeFiles/apriltag_msgs__rosidl_typesupport_introspection_cpp.dir/rosidl_typesupport_introspection_cpp/apriltag_msgs/msg/detail/april_tag_detection_array__type_support.cpp.o[0m
[2.843s] [ 57%] [32mBuilding CXX object CMakeFiles/apriltag_msgs__rosidl_typesupport_introspection_cpp.dir/rosidl_typesupport_introspection_cpp/apriltag_msgs/msg/detail/april_tag_detection__type_support.cpp.o[0m
[2.866s] [ 59%] [32mBuilding CXX object CMakeFiles/apriltag_msgs__rosidl_typesupport_fastrtps_cpp.dir/rosidl_typesupport_fastrtps_cpp/apriltag_msgs/msg/detail/dds_fastrtps/april_tag_detection__type_support.cpp.o[0m
[2.867s] [ 61%] [32mBuilding CXX object CMakeFiles/apriltag_msgs__rosidl_typesupport_fastrtps_cpp.dir/rosidl_typesupport_fastrtps_cpp/apriltag_msgs/msg/detail/dds_fastrtps/point__type_support.cpp.o[0m
[2.867s] [ 64%] [32m[1mLinking CXX shared library libapriltag_msgs__rosidl_typesupport_c.so[0m
[2.867s] [ 64%] [32mBuilding CXX object CMakeFiles/apriltag_msgs__rosidl_typesupport_fastrtps_cpp.dir/rosidl_typesupport_fastrtps_cpp/apriltag_msgs/msg/detail/dds_fastrtps/april_tag_detection_array__type_support.cpp.o[0m
[2.868s] [ 66%] [32mBuilding CXX object CMakeFiles/apriltag_msgs__rosidl_typesupport_fastrtps_c.dir/rosidl_typesupport_fastrtps_c/apriltag_msgs/msg/detail/point__type_support_c.cpp.o[0m
[2.869s] [ 68%] [32m[1mLinking C shared library libapriltag_msgs__rosidl_typesupport_introspection_c.so[0m
[2.869s] [ 70%] [32mBuilding CXX object CMakeFiles/apriltag_msgs__rosidl_typesupport_fastrtps_c.dir/rosidl_typesupport_fastrtps_c/apriltag_msgs/msg/detail/april_tag_detection__type_support_c.cpp.o[0m
[2.869s] [ 72%] [32mBuilding CXX object CMakeFiles/apriltag_msgs__rosidl_typesupport_fastrtps_c.dir/rosidl_typesupport_fastrtps_c/apriltag_msgs/msg/detail/april_tag_detection_array__type_support_c.cpp.o[0m
[2.879s] [ 72%] Built target apriltag_msgs__rosidl_typesupport_introspection_c
[2.885s] [ 72%] Built target apriltag_msgs__rosidl_typesupport_c
[3.067s] [ 74%] [32m[1mLinking CXX shared library libapriltag_msgs__rosidl_typesupport_introspection_cpp.so[0m
[3.103s] [ 75%] [32m[1mLinking CXX shared library libapriltag_msgs__rosidl_typesupport_cpp.so[0m
[3.105s] [ 75%] Built target apriltag_msgs__rosidl_typesupport_introspection_cpp
[3.125s] [ 75%] Built target apriltag_msgs__rosidl_typesupport_cpp
[3.221s] [ 77%] [32m[1mLinking CXX shared library libapriltag_msgs__rosidl_typesupport_fastrtps_cpp.so[0m
[3.243s] [ 79%] [32m[1mLinking CXX shared library libapriltag_msgs__rosidl_typesupport_fastrtps_c.so[0m
[3.260s] [ 79%] Built target apriltag_msgs__rosidl_typesupport_fastrtps_cpp
[3.278s] [ 79%] Built target apriltag_msgs__rosidl_typesupport_fastrtps_c
[3.283s] [ 79%] Built target apriltag_msgs
[3.289s] [ 81%] [34m[1mGenerating Python code for ROS interfaces[0m
[3.509s] [ 81%] Built target apriltag_msgs__py
[3.514s] [ 83%] [32mBuilding C object CMakeFiles/apriltag_msgs__rosidl_generator_py.dir/rosidl_generator_py/apriltag_msgs/msg/_point_s.c.o[0m
[3.515s] [ 85%] [32mBuilding C object CMakeFiles/apriltag_msgs__rosidl_generator_py.dir/rosidl_generator_py/apriltag_msgs/msg/_april_tag_detection_s.c.o[0m
[3.515s] [ 87%] [32mBuilding C object CMakeFiles/apriltag_msgs__rosidl_generator_py.dir/rosidl_generator_py/apriltag_msgs/msg/_april_tag_detection_array_s.c.o[0m
[3.594s] [ 88%] [32m[1mLinking C shared library libapriltag_msgs__rosidl_generator_py.so[0m
[3.616s] [ 88%] Built target apriltag_msgs__rosidl_generator_py
[3.621s] [ 90%] [32mBuilding C object CMakeFiles/apriltag_msgs_s__rosidl_typesupport_fastrtps_c.dir/rosidl_generator_py/apriltag_msgs/_apriltag_msgs_s.ep.rosidl_typesupport_fastrtps_c.c.o[0m
[3.622s] [ 92%] [32mBuilding C object CMakeFiles/apriltag_msgs_s__rosidl_typesupport_introspection_c.dir/rosidl_generator_py/apriltag_msgs/_apriltag_msgs_s.ep.rosidl_typesupport_introspection_c.c.o[0m
[3.622s] [ 94%] [32mBuilding C object CMakeFiles/apriltag_msgs_s__rosidl_typesupport_c.dir/rosidl_generator_py/apriltag_msgs/_apriltag_msgs_s.ep.rosidl_typesupport_c.c.o[0m
[3.683s] [ 96%] [32m[1mLinking C shared module rosidl_generator_py/apriltag_msgs/apriltag_msgs_s__rosidl_typesupport_fastrtps_c.so[0m
[3.683s] [ 98%] [32m[1mLinking C shared module rosidl_generator_py/apriltag_msgs/apriltag_msgs_s__rosidl_typesupport_c.so[0m
[3.683s] [100%] [32m[1mLinking C shared module rosidl_generator_py/apriltag_msgs/apriltag_msgs_s__rosidl_typesupport_introspection_c.so[0m
[3.697s] [100%] Built target apriltag_msgs_s__rosidl_typesupport_c
[3.698s] [100%] Built target apriltag_msgs_s__rosidl_typesupport_introspection_c
[3.698s] [100%] Built target apriltag_msgs_s__rosidl_typesupport_fastrtps_c
[3.701s] Invoked command in '/home/ubt/workspace/jazzy_ws/apriltag_ros/build/apriltag_msgs' returned '0': CMAKE_PREFIX_PATH=${CMAKE_PREFIX_PATH}:/opt/ros/jazzy DEBUGINFOD_URLS=https://debuginfod.ubuntu.com /usr/bin/cmake --build /home/ubt/workspace/jazzy_ws/apriltag_ros/build/apriltag_msgs -- -j24 -l24
[3.769s] Invoking command in '/home/ubt/workspace/jazzy_ws/apriltag_ros/build/apriltag_msgs': CMAKE_PREFIX_PATH=${CMAKE_PREFIX_PATH}:/opt/ros/jazzy DEBUGINFOD_URLS=https://debuginfod.ubuntu.com /usr/bin/cmake --install /home/ubt/workspace/jazzy_ws/apriltag_ros/build/apriltag_msgs
[3.771s] -- Install configuration: "Debug"
[3.771s] -- Execute custom install script
[3.771s] -- Symlinking: /home/ubt/workspace/jazzy_ws/apriltag_ros/install/apriltag_msgs/share/ament_index/resource_index/rosidl_interfaces/apriltag_msgs
[3.773s] -- Symlinking: /home/ubt/workspace/jazzy_ws/apriltag_ros/install/apriltag_msgs/share/apriltag_msgs/msg/Point.json
[3.774s] -- Symlinking: /home/ubt/workspace/jazzy_ws/apriltag_ros/install/apriltag_msgs/share/apriltag_msgs/msg/AprilTagDetection.json
[3.775s] -- Symlinking: /home/ubt/workspace/jazzy_ws/apriltag_ros/install/apriltag_msgs/share/apriltag_msgs/msg/AprilTagDetectionArray.json
[3.777s] -- Symlinking: /home/ubt/workspace/jazzy_ws/apriltag_ros/install/apriltag_msgs/include/apriltag_msgs/apriltag_msgs/msg/april_tag_detection.h
[3.778s] -- Symlinking: /home/ubt/workspace/jazzy_ws/apriltag_ros/install/apriltag_msgs/include/apriltag_msgs/apriltag_msgs/msg/april_tag_detection_array.h
[3.779s] -- Symlinking: /home/ubt/workspace/jazzy_ws/apriltag_ros/install/apriltag_msgs/include/apriltag_msgs/apriltag_msgs/msg/detail/april_tag_detection__functions.h
[3.780s] -- Symlinking: /home/ubt/workspace/jazzy_ws/apriltag_ros/install/apriltag_msgs/include/apriltag_msgs/apriltag_msgs/msg/detail/april_tag_detection__struct.h
[3.782s] -- Symlinking: /home/ubt/workspace/jazzy_ws/apriltag_ros/install/apriltag_msgs/include/apriltag_msgs/apriltag_msgs/msg/detail/april_tag_detection__type_support.h
[3.783s] -- Symlinking: /home/ubt/workspace/jazzy_ws/apriltag_ros/install/apriltag_msgs/include/apriltag_msgs/apriltag_msgs/msg/detail/april_tag_detection_array__functions.h
[3.785s] -- Symlinking: /home/ubt/workspace/jazzy_ws/apriltag_ros/install/apriltag_msgs/include/apriltag_msgs/apriltag_msgs/msg/detail/april_tag_detection_array__struct.h
[3.786s] -- Symlinking: /home/ubt/workspace/jazzy_ws/apriltag_ros/install/apriltag_msgs/include/apriltag_msgs/apriltag_msgs/msg/detail/april_tag_detection_array__type_support.h
[3.787s] -- Symlinking: /home/ubt/workspace/jazzy_ws/apriltag_ros/install/apriltag_msgs/include/apriltag_msgs/apriltag_msgs/msg/detail/point__functions.h
[3.789s] -- Symlinking: /home/ubt/workspace/jazzy_ws/apriltag_ros/install/apriltag_msgs/include/apriltag_msgs/apriltag_msgs/msg/detail/point__struct.h
[3.790s] -- Symlinking: /home/ubt/workspace/jazzy_ws/apriltag_ros/install/apriltag_msgs/include/apriltag_msgs/apriltag_msgs/msg/detail/point__type_support.h
[3.791s] -- Symlinking: /home/ubt/workspace/jazzy_ws/apriltag_ros/install/apriltag_msgs/include/apriltag_msgs/apriltag_msgs/msg/point.h
[3.792s] -- Symlinking: /home/ubt/workspace/jazzy_ws/apriltag_ros/install/apriltag_msgs/include/apriltag_msgs/apriltag_msgs/msg/rosidl_generator_c__visibility_control.h
[3.794s] -- Symlinking: /home/ubt/workspace/jazzy_ws/apriltag_ros/install/apriltag_msgs/share/apriltag_msgs/environment/library_path.sh
[3.795s] -- Symlinking: /home/ubt/workspace/jazzy_ws/apriltag_ros/install/apriltag_msgs/share/apriltag_msgs/environment/library_path.dsv
[3.796s] -- Symlinking: /home/ubt/workspace/jazzy_ws/apriltag_ros/install/apriltag_msgs/include/apriltag_msgs/apriltag_msgs/msg/detail/april_tag_detection__rosidl_typesupport_fastrtps_c.h
[3.798s] -- Symlinking: /home/ubt/workspace/jazzy_ws/apriltag_ros/install/apriltag_msgs/include/apriltag_msgs/apriltag_msgs/msg/detail/april_tag_detection_array__rosidl_typesupport_fastrtps_c.h
[3.799s] -- Symlinking: /home/ubt/workspace/jazzy_ws/apriltag_ros/install/apriltag_msgs/include/apriltag_msgs/apriltag_msgs/msg/detail/point__rosidl_typesupport_fastrtps_c.h
[3.800s] -- Symlinking: /home/ubt/workspace/jazzy_ws/apriltag_ros/install/apriltag_msgs/include/apriltag_msgs/apriltag_msgs/msg/rosidl_typesupport_fastrtps_c__visibility_control.h
[3.802s] -- Symlinking: /home/ubt/workspace/jazzy_ws/apriltag_ros/install/apriltag_msgs/include/apriltag_msgs/apriltag_msgs/msg/detail/april_tag_detection__rosidl_typesupport_introspection_c.h
[3.803s] -- Symlinking: /home/ubt/workspace/jazzy_ws/apriltag_ros/install/apriltag_msgs/include/apriltag_msgs/apriltag_msgs/msg/detail/april_tag_detection_array__rosidl_typesupport_introspection_c.h
[3.804s] -- Symlinking: /home/ubt/workspace/jazzy_ws/apriltag_ros/install/apriltag_msgs/include/apriltag_msgs/apriltag_msgs/msg/detail/point__rosidl_typesupport_introspection_c.h
[3.805s] -- Symlinking: /home/ubt/workspace/jazzy_ws/apriltag_ros/install/apriltag_msgs/include/apriltag_msgs/apriltag_msgs/msg/rosidl_typesupport_introspection_c__visibility_control.h
[3.807s] -- Symlinking: /home/ubt/workspace/jazzy_ws/apriltag_ros/install/apriltag_msgs/include/apriltag_msgs/apriltag_msgs/msg/april_tag_detection.hpp
[3.808s] -- Symlinking: /home/ubt/workspace/jazzy_ws/apriltag_ros/install/apriltag_msgs/include/apriltag_msgs/apriltag_msgs/msg/april_tag_detection_array.hpp
[3.809s] -- Symlinking: /home/ubt/workspace/jazzy_ws/apriltag_ros/install/apriltag_msgs/include/apriltag_msgs/apriltag_msgs/msg/detail/april_tag_detection__builder.hpp
[3.811s] -- Symlinking: /home/ubt/workspace/jazzy_ws/apriltag_ros/install/apriltag_msgs/include/apriltag_msgs/apriltag_msgs/msg/detail/april_tag_detection__struct.hpp
[3.812s] -- Symlinking: /home/ubt/workspace/jazzy_ws/apriltag_ros/install/apriltag_msgs/include/apriltag_msgs/apriltag_msgs/msg/detail/april_tag_detection__traits.hpp
[3.813s] -- Symlinking: /home/ubt/workspace/jazzy_ws/apriltag_ros/install/apriltag_msgs/include/apriltag_msgs/apriltag_msgs/msg/detail/april_tag_detection__type_support.hpp
[3.814s] -- Symlinking: /home/ubt/workspace/jazzy_ws/apriltag_ros/install/apriltag_msgs/include/apriltag_msgs/apriltag_msgs/msg/detail/april_tag_detection_array__builder.hpp
[3.815s] -- Symlinking: /home/ubt/workspace/jazzy_ws/apriltag_ros/install/apriltag_msgs/include/apriltag_msgs/apriltag_msgs/msg/detail/april_tag_detection_array__struct.hpp
[3.817s] -- Symlinking: /home/ubt/workspace/jazzy_ws/apriltag_ros/install/apriltag_msgs/include/apriltag_msgs/apriltag_msgs/msg/detail/april_tag_detection_array__traits.hpp
[3.818s] -- Symlinking: /home/ubt/workspace/jazzy_ws/apriltag_ros/install/apriltag_msgs/include/apriltag_msgs/apriltag_msgs/msg/detail/april_tag_detection_array__type_support.hpp
[3.819s] -- Symlinking: /home/ubt/workspace/jazzy_ws/apriltag_ros/install/apriltag_msgs/include/apriltag_msgs/apriltag_msgs/msg/detail/point__builder.hpp
[3.820s] -- Symlinking: /home/ubt/workspace/jazzy_ws/apriltag_ros/install/apriltag_msgs/include/apriltag_msgs/apriltag_msgs/msg/detail/point__struct.hpp
[3.822s] -- Symlinking: /home/ubt/workspace/jazzy_ws/apriltag_ros/install/apriltag_msgs/include/apriltag_msgs/apriltag_msgs/msg/detail/point__traits.hpp
[3.823s] -- Symlinking: /home/ubt/workspace/jazzy_ws/apriltag_ros/install/apriltag_msgs/include/apriltag_msgs/apriltag_msgs/msg/detail/point__type_support.hpp
[3.824s] -- Symlinking: /home/ubt/workspace/jazzy_ws/apriltag_ros/install/apriltag_msgs/include/apriltag_msgs/apriltag_msgs/msg/point.hpp
[3.825s] -- Symlinking: /home/ubt/workspace/jazzy_ws/apriltag_ros/install/apriltag_msgs/include/apriltag_msgs/apriltag_msgs/msg/rosidl_generator_cpp__visibility_control.hpp
[3.827s] -- Symlinking: /home/ubt/workspace/jazzy_ws/apriltag_ros/install/apriltag_msgs/include/apriltag_msgs/apriltag_msgs/msg/detail/april_tag_detection__rosidl_typesupport_fastrtps_cpp.hpp
[3.828s] -- Symlinking: /home/ubt/workspace/jazzy_ws/apriltag_ros/install/apriltag_msgs/include/apriltag_msgs/apriltag_msgs/msg/detail/april_tag_detection_array__rosidl_typesupport_fastrtps_cpp.hpp
[3.830s] -- Symlinking: /home/ubt/workspace/jazzy_ws/apriltag_ros/install/apriltag_msgs/include/apriltag_msgs/apriltag_msgs/msg/detail/point__rosidl_typesupport_fastrtps_cpp.hpp
[3.831s] -- Symlinking: /home/ubt/workspace/jazzy_ws/apriltag_ros/install/apriltag_msgs/include/apriltag_msgs/apriltag_msgs/msg/rosidl_typesupport_fastrtps_cpp__visibility_control.h
[3.832s] -- Symlinking: /home/ubt/workspace/jazzy_ws/apriltag_ros/install/apriltag_msgs/include/apriltag_msgs/apriltag_msgs/msg/detail/april_tag_detection__rosidl_typesupport_introspection_cpp.hpp
[3.834s] -- Symlinking: /home/ubt/workspace/jazzy_ws/apriltag_ros/install/apriltag_msgs/include/apriltag_msgs/apriltag_msgs/msg/detail/april_tag_detection_array__rosidl_typesupport_introspection_cpp.hpp
[3.835s] -- Symlinking: /home/ubt/workspace/jazzy_ws/apriltag_ros/install/apriltag_msgs/include/apriltag_msgs/apriltag_msgs/msg/detail/point__rosidl_typesupport_introspection_cpp.hpp
[3.836s] -- Symlinking: /home/ubt/workspace/jazzy_ws/apriltag_ros/install/apriltag_msgs/share/apriltag_msgs/environment/pythonpath.sh
[3.838s] -- Symlinking: /home/ubt/workspace/jazzy_ws/apriltag_ros/install/apriltag_msgs/share/apriltag_msgs/environment/pythonpath.dsv
[3.839s] -- Symlinking: /home/ubt/workspace/jazzy_ws/apriltag_ros/install/apriltag_msgs/lib/python3.12/site-packages/apriltag_msgs-2.0.1-py3.12.egg-info/PKG-INFO
[3.840s] -- Symlinking: /home/ubt/workspace/jazzy_ws/apriltag_ros/install/apriltag_msgs/lib/python3.12/site-packages/apriltag_msgs-2.0.1-py3.12.egg-info/SOURCES.txt
[3.841s] -- Symlinking: /home/ubt/workspace/jazzy_ws/apriltag_ros/install/apriltag_msgs/lib/python3.12/site-packages/apriltag_msgs-2.0.1-py3.12.egg-info/dependency_links.txt
[3.843s] -- Symlinking: /home/ubt/workspace/jazzy_ws/apriltag_ros/install/apriltag_msgs/lib/python3.12/site-packages/apriltag_msgs-2.0.1-py3.12.egg-info/top_level.txt
[3.844s] -- Symlinking: /home/ubt/workspace/jazzy_ws/apriltag_ros/install/apriltag_msgs/lib/python3.12/site-packages/apriltag_msgs/__init__.py
[3.846s] -- Symlinking: /home/ubt/workspace/jazzy_ws/apriltag_ros/install/apriltag_msgs/lib/python3.12/site-packages/apriltag_msgs/_apriltag_msgs_s.ep.rosidl_typesupport_c.c
[3.847s] -- Symlinking: /home/ubt/workspace/jazzy_ws/apriltag_ros/install/apriltag_msgs/lib/python3.12/site-packages/apriltag_msgs/_apriltag_msgs_s.ep.rosidl_typesupport_fastrtps_c.c
[3.848s] -- Symlinking: /home/ubt/workspace/jazzy_ws/apriltag_ros/install/apriltag_msgs/lib/python3.12/site-packages/apriltag_msgs/_apriltag_msgs_s.ep.rosidl_typesupport_introspection_c.c
[3.849s] -- Symlinking: /home/ubt/workspace/jazzy_ws/apriltag_ros/install/apriltag_msgs/lib/python3.12/site-packages/apriltag_msgs/apriltag_msgs_s__rosidl_typesupport_c.so
[3.851s] -- Symlinking: /home/ubt/workspace/jazzy_ws/apriltag_ros/install/apriltag_msgs/lib/python3.12/site-packages/apriltag_msgs/apriltag_msgs_s__rosidl_typesupport_fastrtps_c.so
[3.852s] -- Symlinking: /home/ubt/workspace/jazzy_ws/apriltag_ros/install/apriltag_msgs/lib/python3.12/site-packages/apriltag_msgs/apriltag_msgs_s__rosidl_typesupport_introspection_c.so
[3.853s] -- Symlinking: /home/ubt/workspace/jazzy_ws/apriltag_ros/install/apriltag_msgs/lib/python3.12/site-packages/apriltag_msgs/msg/__init__.py
[3.854s] -- Symlinking: /home/ubt/workspace/jazzy_ws/apriltag_ros/install/apriltag_msgs/lib/python3.12/site-packages/apriltag_msgs/msg/_april_tag_detection.py
[3.855s] -- Symlinking: /home/ubt/workspace/jazzy_ws/apriltag_ros/install/apriltag_msgs/lib/python3.12/site-packages/apriltag_msgs/msg/_april_tag_detection_array.py
[3.856s] -- Symlinking: /home/ubt/workspace/jazzy_ws/apriltag_ros/install/apriltag_msgs/lib/python3.12/site-packages/apriltag_msgs/msg/_april_tag_detection_array_s.c
[3.858s] -- Symlinking: /home/ubt/workspace/jazzy_ws/apriltag_ros/install/apriltag_msgs/lib/python3.12/site-packages/apriltag_msgs/msg/_april_tag_detection_s.c
[3.859s] -- Symlinking: /home/ubt/workspace/jazzy_ws/apriltag_ros/install/apriltag_msgs/lib/python3.12/site-packages/apriltag_msgs/msg/_point.py
[3.860s] -- Symlinking: /home/ubt/workspace/jazzy_ws/apriltag_ros/install/apriltag_msgs/lib/python3.12/site-packages/apriltag_msgs/msg/_point_s.c
[3.862s] -- Up-to-date symlink: /home/ubt/workspace/jazzy_ws/apriltag_ros/install/apriltag_msgs/lib/python3.12/site-packages/apriltag_msgs/apriltag_msgs_s__rosidl_typesupport_fastrtps_c.so
[3.862s] -- Up-to-date symlink: /home/ubt/workspace/jazzy_ws/apriltag_ros/install/apriltag_msgs/lib/python3.12/site-packages/apriltag_msgs/apriltag_msgs_s__rosidl_typesupport_introspection_c.so
[3.862s] -- Up-to-date symlink: /home/ubt/workspace/jazzy_ws/apriltag_ros/install/apriltag_msgs/lib/python3.12/site-packages/apriltag_msgs/apriltag_msgs_s__rosidl_typesupport_c.so
[3.862s] -- Symlinking: /home/ubt/workspace/jazzy_ws/apriltag_ros/install/apriltag_msgs/share/apriltag_msgs/msg/Point.idl
[3.863s] -- Symlinking: /home/ubt/workspace/jazzy_ws/apriltag_ros/install/apriltag_msgs/share/apriltag_msgs/msg/AprilTagDetection.idl
[3.864s] -- Symlinking: /home/ubt/workspace/jazzy_ws/apriltag_ros/install/apriltag_msgs/share/apriltag_msgs/msg/AprilTagDetectionArray.idl
[3.866s] -- Symlinking: /home/ubt/workspace/jazzy_ws/apriltag_ros/install/apriltag_msgs/share/apriltag_msgs/msg/Point.msg
[3.867s] -- Symlinking: /home/ubt/workspace/jazzy_ws/apriltag_ros/install/apriltag_msgs/share/apriltag_msgs/msg/AprilTagDetection.msg
[3.868s] -- Symlinking: /home/ubt/workspace/jazzy_ws/apriltag_ros/install/apriltag_msgs/share/apriltag_msgs/msg/AprilTagDetectionArray.msg
[3.870s] -- Symlinking: /home/ubt/workspace/jazzy_ws/apriltag_ros/install/apriltag_msgs/share/ament_index/resource_index/package_run_dependencies/apriltag_msgs
[3.871s] -- Symlinking: /home/ubt/workspace/jazzy_ws/apriltag_ros/install/apriltag_msgs/share/ament_index/resource_index/parent_prefix_path/apriltag_msgs
[3.872s] -- Symlinking: /home/ubt/workspace/jazzy_ws/apriltag_ros/install/apriltag_msgs/share/apriltag_msgs/environment/ament_prefix_path.sh
[3.873s] -- Symlinking: /home/ubt/workspace/jazzy_ws/apriltag_ros/install/apriltag_msgs/share/apriltag_msgs/environment/ament_prefix_path.dsv
[3.874s] -- Symlinking: /home/ubt/workspace/jazzy_ws/apriltag_ros/install/apriltag_msgs/share/apriltag_msgs/environment/path.sh
[3.876s] -- Symlinking: /home/ubt/workspace/jazzy_ws/apriltag_ros/install/apriltag_msgs/share/apriltag_msgs/environment/path.dsv
[3.877s] -- Symlinking: /home/ubt/workspace/jazzy_ws/apriltag_ros/install/apriltag_msgs/share/apriltag_msgs/local_setup.bash
[3.878s] -- Symlinking: /home/ubt/workspace/jazzy_ws/apriltag_ros/install/apriltag_msgs/share/apriltag_msgs/local_setup.sh
[3.879s] -- Symlinking: /home/ubt/workspace/jazzy_ws/apriltag_ros/install/apriltag_msgs/share/apriltag_msgs/local_setup.zsh
[3.881s] -- Symlinking: /home/ubt/workspace/jazzy_ws/apriltag_ros/install/apriltag_msgs/share/apriltag_msgs/local_setup.dsv
[3.882s] -- Symlinking: /home/ubt/workspace/jazzy_ws/apriltag_ros/install/apriltag_msgs/share/apriltag_msgs/package.dsv
[3.884s] -- Symlinking: /home/ubt/workspace/jazzy_ws/apriltag_ros/install/apriltag_msgs/share/ament_index/resource_index/packages/apriltag_msgs
[3.885s] -- Symlinking: /home/ubt/workspace/jazzy_ws/apriltag_ros/install/apriltag_msgs/share/apriltag_msgs/cmake/rosidl_cmake-extras.cmake
[3.886s] -- Symlinking: /home/ubt/workspace/jazzy_ws/apriltag_ros/install/apriltag_msgs/share/apriltag_msgs/cmake/ament_cmake_export_dependencies-extras.cmake
[3.888s] -- Symlinking: /home/ubt/workspace/jazzy_ws/apriltag_ros/install/apriltag_msgs/share/apriltag_msgs/cmake/ament_cmake_export_include_directories-extras.cmake
[3.889s] -- Symlinking: /home/ubt/workspace/jazzy_ws/apriltag_ros/install/apriltag_msgs/share/apriltag_msgs/cmake/ament_cmake_export_libraries-extras.cmake
[3.890s] -- Symlinking: /home/ubt/workspace/jazzy_ws/apriltag_ros/install/apriltag_msgs/share/apriltag_msgs/cmake/ament_cmake_export_targets-extras.cmake
[3.891s] -- Symlinking: /home/ubt/workspace/jazzy_ws/apriltag_ros/install/apriltag_msgs/share/apriltag_msgs/cmake/rosidl_cmake_export_typesupport_targets-extras.cmake
[3.893s] -- Symlinking: /home/ubt/workspace/jazzy_ws/apriltag_ros/install/apriltag_msgs/share/apriltag_msgs/cmake/rosidl_cmake_export_typesupport_libraries-extras.cmake
[3.894s] -- Symlinking: /home/ubt/workspace/jazzy_ws/apriltag_ros/install/apriltag_msgs/share/apriltag_msgs/cmake/apriltag_msgsConfig.cmake
[3.895s] -- Symlinking: /home/ubt/workspace/jazzy_ws/apriltag_ros/install/apriltag_msgs/share/apriltag_msgs/cmake/apriltag_msgsConfig-version.cmake
[3.897s] -- Symlinking: /home/ubt/workspace/jazzy_ws/apriltag_ros/install/apriltag_msgs/share/apriltag_msgs/package.xml
[3.898s] -- Installing: /home/ubt/workspace/jazzy_ws/apriltag_ros/install/apriltag_msgs/lib/libapriltag_msgs__rosidl_generator_c.so
[3.898s] -- Set non-toolchain portion of runtime path of "/home/ubt/workspace/jazzy_ws/apriltag_ros/install/apriltag_msgs/lib/libapriltag_msgs__rosidl_generator_c.so" to ""
[3.898s] -- Installing: /home/ubt/workspace/jazzy_ws/apriltag_ros/install/apriltag_msgs/lib/libapriltag_msgs__rosidl_typesupport_fastrtps_c.so
[3.899s] -- Set non-toolchain portion of runtime path of "/home/ubt/workspace/jazzy_ws/apriltag_ros/install/apriltag_msgs/lib/libapriltag_msgs__rosidl_typesupport_fastrtps_c.so" to ""
[3.899s] -- Installing: /home/ubt/workspace/jazzy_ws/apriltag_ros/install/apriltag_msgs/lib/libapriltag_msgs__rosidl_typesupport_introspection_c.so
[3.899s] -- Set non-toolchain portion of runtime path of "/home/ubt/workspace/jazzy_ws/apriltag_ros/install/apriltag_msgs/lib/libapriltag_msgs__rosidl_typesupport_introspection_c.so" to ""
[3.899s] -- Installing: /home/ubt/workspace/jazzy_ws/apriltag_ros/install/apriltag_msgs/lib/libapriltag_msgs__rosidl_typesupport_c.so
[3.899s] -- Set non-toolchain portion of runtime path of "/home/ubt/workspace/jazzy_ws/apriltag_ros/install/apriltag_msgs/lib/libapriltag_msgs__rosidl_typesupport_c.so" to ""
[3.899s] -- Installing: /home/ubt/workspace/jazzy_ws/apriltag_ros/install/apriltag_msgs/lib/libapriltag_msgs__rosidl_typesupport_fastrtps_cpp.so
[3.899s] -- Set non-toolchain portion of runtime path of "/home/ubt/workspace/jazzy_ws/apriltag_ros/install/apriltag_msgs/lib/libapriltag_msgs__rosidl_typesupport_fastrtps_cpp.so" to ""
[3.899s] -- Installing: /home/ubt/workspace/jazzy_ws/apriltag_ros/install/apriltag_msgs/lib/libapriltag_msgs__rosidl_typesupport_introspection_cpp.so
[3.900s] -- Set non-toolchain portion of runtime path of "/home/ubt/workspace/jazzy_ws/apriltag_ros/install/apriltag_msgs/lib/libapriltag_msgs__rosidl_typesupport_introspection_cpp.so" to ""
[3.900s] -- Installing: /home/ubt/workspace/jazzy_ws/apriltag_ros/install/apriltag_msgs/lib/libapriltag_msgs__rosidl_typesupport_cpp.so
[3.900s] -- Set non-toolchain portion of runtime path of "/home/ubt/workspace/jazzy_ws/apriltag_ros/install/apriltag_msgs/lib/libapriltag_msgs__rosidl_typesupport_cpp.so" to ""
[3.926s] Listing '/home/ubt/workspace/jazzy_ws/apriltag_ros/install/apriltag_msgs/lib/python3.12/site-packages/apriltag_msgs'...
[3.926s] Compiling '/home/ubt/workspace/jazzy_ws/apriltag_ros/install/apriltag_msgs/lib/python3.12/site-packages/apriltag_msgs/__init__.py'...
[3.926s] Listing '/home/ubt/workspace/jazzy_ws/apriltag_ros/install/apriltag_msgs/lib/python3.12/site-packages/apriltag_msgs/msg'...
[3.926s] Compiling '/home/ubt/workspace/jazzy_ws/apriltag_ros/install/apriltag_msgs/lib/python3.12/site-packages/apriltag_msgs/msg/__init__.py'...
[3.926s] Compiling '/home/ubt/workspace/jazzy_ws/apriltag_ros/install/apriltag_msgs/lib/python3.12/site-packages/apriltag_msgs/msg/_april_tag_detection.py'...
[3.926s] Compiling '/home/ubt/workspace/jazzy_ws/apriltag_ros/install/apriltag_msgs/lib/python3.12/site-packages/apriltag_msgs/msg/_april_tag_detection_array.py'...
[3.926s] Compiling '/home/ubt/workspace/jazzy_ws/apriltag_ros/install/apriltag_msgs/lib/python3.12/site-packages/apriltag_msgs/msg/_point.py'...
[3.928s] -- Installing: /home/ubt/workspace/jazzy_ws/apriltag_ros/install/apriltag_msgs/lib/libapriltag_msgs__rosidl_generator_py.so
[3.929s] -- Set non-toolchain portion of runtime path of "/home/ubt/workspace/jazzy_ws/apriltag_ros/install/apriltag_msgs/lib/libapriltag_msgs__rosidl_generator_py.so" to ""
[3.929s] -- Installing: /home/ubt/workspace/jazzy_ws/apriltag_ros/install/apriltag_msgs/share/apriltag_msgs/cmake/export_apriltag_msgs__rosidl_generator_cExport.cmake
[3.929s] -- Installing: /home/ubt/workspace/jazzy_ws/apriltag_ros/install/apriltag_msgs/share/apriltag_msgs/cmake/export_apriltag_msgs__rosidl_generator_cExport-debug.cmake
[3.929s] -- Installing: /home/ubt/workspace/jazzy_ws/apriltag_ros/install/apriltag_msgs/share/apriltag_msgs/cmake/export_apriltag_msgs__rosidl_typesupport_fastrtps_cExport.cmake
[3.929s] -- Installing: /home/ubt/workspace/jazzy_ws/apriltag_ros/install/apriltag_msgs/share/apriltag_msgs/cmake/export_apriltag_msgs__rosidl_typesupport_fastrtps_cExport-debug.cmake
[3.929s] -- Installing: /home/ubt/workspace/jazzy_ws/apriltag_ros/install/apriltag_msgs/share/apriltag_msgs/cmake/apriltag_msgs__rosidl_typesupport_introspection_cExport.cmake
[3.929s] -- Installing: /home/ubt/workspace/jazzy_ws/apriltag_ros/install/apriltag_msgs/share/apriltag_msgs/cmake/apriltag_msgs__rosidl_typesupport_introspection_cExport-debug.cmake
[3.929s] -- Installing: /home/ubt/workspace/jazzy_ws/apriltag_ros/install/apriltag_msgs/share/apriltag_msgs/cmake/apriltag_msgs__rosidl_typesupport_cExport.cmake
[3.929s] -- Installing: /home/ubt/workspace/jazzy_ws/apriltag_ros/install/apriltag_msgs/share/apriltag_msgs/cmake/apriltag_msgs__rosidl_typesupport_cExport-debug.cmake
[3.929s] -- Installing: /home/ubt/workspace/jazzy_ws/apriltag_ros/install/apriltag_msgs/share/apriltag_msgs/cmake/export_apriltag_msgs__rosidl_generator_cppExport.cmake
[3.929s] -- Installing: /home/ubt/workspace/jazzy_ws/apriltag_ros/install/apriltag_msgs/share/apriltag_msgs/cmake/export_apriltag_msgs__rosidl_typesupport_fastrtps_cppExport.cmake
[3.929s] -- Installing: /home/ubt/workspace/jazzy_ws/apriltag_ros/install/apriltag_msgs/share/apriltag_msgs/cmake/export_apriltag_msgs__rosidl_typesupport_fastrtps_cppExport-debug.cmake
[3.929s] -- Installing: /home/ubt/workspace/jazzy_ws/apriltag_ros/install/apriltag_msgs/share/apriltag_msgs/cmake/apriltag_msgs__rosidl_typesupport_introspection_cppExport.cmake
[3.929s] -- Installing: /home/ubt/workspace/jazzy_ws/apriltag_ros/install/apriltag_msgs/share/apriltag_msgs/cmake/apriltag_msgs__rosidl_typesupport_introspection_cppExport-debug.cmake
[3.930s] -- Installing: /home/ubt/workspace/jazzy_ws/apriltag_ros/install/apriltag_msgs/share/apriltag_msgs/cmake/apriltag_msgs__rosidl_typesupport_cppExport.cmake
[3.930s] -- Installing: /home/ubt/workspace/jazzy_ws/apriltag_ros/install/apriltag_msgs/share/apriltag_msgs/cmake/apriltag_msgs__rosidl_typesupport_cppExport-debug.cmake
[3.930s] -- Installing: /home/ubt/workspace/jazzy_ws/apriltag_ros/install/apriltag_msgs/share/apriltag_msgs/cmake/export_apriltag_msgs__rosidl_generator_pyExport.cmake
[3.930s] -- Installing: /home/ubt/workspace/jazzy_ws/apriltag_ros/install/apriltag_msgs/share/apriltag_msgs/cmake/export_apriltag_msgs__rosidl_generator_pyExport-debug.cmake
[3.931s] Invoked command in '/home/ubt/workspace/jazzy_ws/apriltag_ros/build/apriltag_msgs' returned '0': CMAKE_PREFIX_PATH=${CMAKE_PREFIX_PATH}:/opt/ros/jazzy DEBUGINFOD_URLS=https://debuginfod.ubuntu.com /usr/bin/cmake --install /home/ubt/workspace/jazzy_ws/apriltag_ros/build/apriltag_msgs
