[0.006s] Invoking command in '/home/ubt/workspace/jazzy_ws/apriltag_ros/build/apriltag_ros': AMENT_PREFIX_PATH=/home/ubt/workspace/jazzy_ws/apriltag_ros/install/apriltag_msgs:${AMENT_PREFIX_PATH} CMAKE_PREFIX_PATH=/home/ubt/workspace/jazzy_ws/apriltag_ros/install/apriltag_msgs:/opt/ros/jazzy/opt/gz_sim_vendor:/opt/ros/jazzy/opt/gz_sensors_vendor:/opt/ros/jazzy/opt/gz_physics_vendor:/opt/ros/jazzy/opt/sdformat_vendor:/opt/ros/jazzy/opt/gz_gui_vendor:/opt/ros/jazzy/opt/gz_transport_vendor:/opt/ros/jazzy/opt/gz_rendering_vendor:/opt/ros/jazzy/opt/gz_plugin_vendor:/opt/ros/jazzy/opt/gz_fuel_tools_vendor:/opt/ros/jazzy/opt/gz_msgs_vendor:/opt/ros/jazzy/opt/gz_common_vendor:/opt/ros/jazzy/opt/gz_math_vendor:/opt/ros/jazzy/opt/gz_utils_vendor:/opt/ros/jazzy/opt/gz_tools_vendor:/opt/ros/jazzy/opt/gz_ogre_next_vendor:/opt/ros/jazzy/opt/gz_dartsim_vendor:/opt/ros/jazzy/opt/gz_cmake_vendor:/opt/ros/jazzy DEBUGINFOD_URLS=https://debuginfod.ubuntu.com LD_LIBRARY_PATH=/home/ubt/workspace/jazzy_ws/apriltag_ros/install/apriltag_msgs/lib:${LD_LIBRARY_PATH} PYTHONPATH=/home/ubt/workspace/jazzy_ws/apriltag_ros/install/apriltag_msgs/lib/python3.12/site-packages:${PYTHONPATH} /usr/bin/cmake /home/ubt/workspace/jazzy_ws/apriltag_ros/apriltag_ros -DCMAKE_BUILD_TYPE=Debug -DCMAKE_EXPORT_COMPILE_COMMANDS=Yes -DAMENT_CMAKE_SYMLINK_INSTALL=1 -DCMAKE_INSTALL_PREFIX=/home/ubt/workspace/jazzy_ws/apriltag_ros/install/apriltag_ros
[0.037s] -- The C compiler identification is GNU 13.2.0
[0.069s] -- The CXX compiler identification is GNU 13.2.0
[0.079s] -- Detecting C compiler ABI info
[0.119s] -- Detecting C compiler ABI info - done
[0.126s] -- Check for working C compiler: /usr/bin/cc - skipped
[0.127s] -- Detecting C compile features
[0.127s] -- Detecting C compile features - done
[0.132s] -- Detecting CXX compiler ABI info
[0.180s] -- Detecting CXX compiler ABI info - done
[0.186s] -- Check for working CXX compiler: /usr/bin/c++ - skipped
[0.186s] -- Detecting CXX compile features
[0.186s] -- Detecting CXX compile features - done
[0.190s] -- Found rclcpp: 28.1.3 (/opt/ros/jazzy/share/rclcpp/cmake)
[0.278s] -- Found Python3: /usr/bin/python3 (found version "3.12.3") found components: Interpreter 
[0.319s] -- Override CMake install command with custom implementation using symlinks instead of copying resources
[0.384s] -- Found rosidl_generator_c: 4.6.3 (/opt/ros/jazzy/share/rosidl_generator_c/cmake)
[0.395s] -- Found rosidl_generator_cpp: 4.6.3 (/opt/ros/jazzy/share/rosidl_generator_cpp/cmake)
[0.408s] -- Using all available rosidl_typesupport_c: rosidl_typesupport_fastrtps_c;rosidl_typesupport_introspection_c
[0.422s] -- Using all available rosidl_typesupport_cpp: rosidl_typesupport_fastrtps_cpp;rosidl_typesupport_introspection_cpp
[0.498s] -- Found rmw_implementation_cmake: 7.3.1 (/opt/ros/jazzy/share/rmw_implementation_cmake/cmake)
[0.502s] -- Found rmw_fastrtps_cpp: 8.4.1 (/opt/ros/jazzy/share/rmw_fastrtps_cpp/cmake)
[0.576s] -- Found OpenSSL: /usr/lib/x86_64-linux-gnu/libcrypto.so (found version "3.0.13")  
[0.589s] -- Found FastRTPS: /opt/ros/jazzy/include (Required is at least version "2.13") 
[0.605s] -- Using RMW implementation 'rmw_fastrtps_cpp' as default
[0.677s] -- Found rclcpp_components: 28.1.3 (/opt/ros/jazzy/share/rclcpp_components/cmake)
[0.713s] -- Found sensor_msgs: 5.3.5 (/opt/ros/jazzy/share/sensor_msgs/cmake)
[0.761s] -- Found apriltag_msgs: 2.0.1 (/home/ubt/workspace/jazzy_ws/apriltag_ros/install/apriltag_msgs/share/apriltag_msgs/cmake)
[0.772s] -- Found tf2_ros: 0.36.4 (/opt/ros/jazzy/share/tf2_ros/cmake)
[0.864s] -- Found image_transport: 5.1.4 (/opt/ros/jazzy/share/image_transport/cmake)
[0.876s] -- Found cv_bridge: 4.1.0 (/opt/ros/jazzy/share/cv_bridge/cmake)
[0.895s] -- Performing Test CMAKE_HAVE_LIBC_PTHREAD
[0.934s] -- Performing Test CMAKE_HAVE_LIBC_PTHREAD - Success
[0.935s] -- Found Threads: TRUE  
[0.944s] [31mCMake Error at CMakeLists.txt:44 (find_package):
[0.944s]   By not providing "Findapriltag.cmake" in CMAKE_MODULE_PATH this project has
[0.944s]   asked CMake to find a package configuration file provided by "apriltag",
[0.944s]   but CMake did not find one.
[0.944s] 
[0.944s]   Could not find a package configuration file provided by "apriltag"
[0.944s]   (requested version 3.2) with any of the following names:
[0.944s] 
[0.944s]     apriltagConfig.cmake
[0.944s]     apriltag-config.cmake
[0.944s] 
[0.944s]   Add the installation prefix of "apriltag" to CMAKE_PREFIX_PATH or set
[0.944s]   "apriltag_DIR" to a directory containing one of the above files.  If
[0.944s]   "apriltag" provides a separate development package or SDK, be sure it has
[0.944s]   been installed.
[0.944s] 
[0.944s] [0m
[0.944s] -- Configuring incomplete, errors occurred!
[0.948s] Invoked command in '/home/ubt/workspace/jazzy_ws/apriltag_ros/build/apriltag_ros' returned '1': AMENT_PREFIX_PATH=/home/ubt/workspace/jazzy_ws/apriltag_ros/install/apriltag_msgs:${AMENT_PREFIX_PATH} CMAKE_PREFIX_PATH=/home/ubt/workspace/jazzy_ws/apriltag_ros/install/apriltag_msgs:/opt/ros/jazzy/opt/gz_sim_vendor:/opt/ros/jazzy/opt/gz_sensors_vendor:/opt/ros/jazzy/opt/gz_physics_vendor:/opt/ros/jazzy/opt/sdformat_vendor:/opt/ros/jazzy/opt/gz_gui_vendor:/opt/ros/jazzy/opt/gz_transport_vendor:/opt/ros/jazzy/opt/gz_rendering_vendor:/opt/ros/jazzy/opt/gz_plugin_vendor:/opt/ros/jazzy/opt/gz_fuel_tools_vendor:/opt/ros/jazzy/opt/gz_msgs_vendor:/opt/ros/jazzy/opt/gz_common_vendor:/opt/ros/jazzy/opt/gz_math_vendor:/opt/ros/jazzy/opt/gz_utils_vendor:/opt/ros/jazzy/opt/gz_tools_vendor:/opt/ros/jazzy/opt/gz_ogre_next_vendor:/opt/ros/jazzy/opt/gz_dartsim_vendor:/opt/ros/jazzy/opt/gz_cmake_vendor:/opt/ros/jazzy DEBUGINFOD_URLS=https://debuginfod.ubuntu.com LD_LIBRARY_PATH=/home/ubt/workspace/jazzy_ws/apriltag_ros/install/apriltag_msgs/lib:${LD_LIBRARY_PATH} PYTHONPATH=/home/ubt/workspace/jazzy_ws/apriltag_ros/install/apriltag_msgs/lib/python3.12/site-packages:${PYTHONPATH} /usr/bin/cmake /home/ubt/workspace/jazzy_ws/apriltag_ros/apriltag_ros -DCMAKE_BUILD_TYPE=Debug -DCMAKE_EXPORT_COMPILE_COMMANDS=Yes -DAMENT_CMAKE_SYMLINK_INSTALL=1 -DCMAKE_INSTALL_PREFIX=/home/ubt/workspace/jazzy_ws/apriltag_ros/install/apriltag_ros
